<?xml version="1.0" encoding="UTF-8"?>
<testsuite xmlns:xsi="http://www.w3.org/2001/XMLSchema-instance" xsi:noNamespaceSchemaLocation="https://maven.apache.org/surefire/maven-surefire-plugin/xsd/surefire-test-report.xsd" name="com.tjsystem.TjsystemApplicationTests" time="1.581" tests="1" errors="1" skipped="0" failures="0">
  <properties>
    <property name="sun.desktop" value="windows"/>
    <property name="awt.toolkit" value="sun.awt.windows.WToolkit"/>
    <property name="java.specification.version" value="11"/>
    <property name="sun.cpu.isalist" value="amd64"/>
    <property name="sun.jnu.encoding" value="GBK"/>
    <property name="java.class.path" value="L:\tjsystem\target\test-classes;L:\tjsystem\target\classes;L:\maven\apache-maven-3.6.1\mvn_resp\org\springframework\boot\spring-boot-starter-web\2.7.11\spring-boot-starter-web-2.7.11.jar;L:\maven\apache-maven-3.6.1\mvn_resp\org\springframework\boot\spring-boot-starter\2.7.11\spring-boot-starter-2.7.11.jar;L:\maven\apache-maven-3.6.1\mvn_resp\org\springframework\boot\spring-boot\2.7.11\spring-boot-2.7.11.jar;L:\maven\apache-maven-3.6.1\mvn_resp\org\springframework\boot\spring-boot-autoconfigure\2.7.11\spring-boot-autoconfigure-2.7.11.jar;L:\maven\apache-maven-3.6.1\mvn_resp\org\springframework\boot\spring-boot-starter-logging\2.7.11\spring-boot-starter-logging-2.7.11.jar;L:\maven\apache-maven-3.6.1\mvn_resp\ch\qos\logback\logback-classic\1.2.12\logback-classic-1.2.12.jar;L:\maven\apache-maven-3.6.1\mvn_resp\ch\qos\logback\logback-core\1.2.12\logback-core-1.2.12.jar;L:\maven\apache-maven-3.6.1\mvn_resp\org\apache\logging\log4j\log4j-to-slf4j\2.17.2\log4j-to-slf4j-2.17.2.jar;L:\maven\apache-maven-3.6.1\mvn_resp\org\apache\logging\log4j\log4j-api\2.17.2\log4j-api-2.17.2.jar;L:\maven\apache-maven-3.6.1\mvn_resp\org\slf4j\jul-to-slf4j\1.7.36\jul-to-slf4j-1.7.36.jar;L:\maven\apache-maven-3.6.1\mvn_resp\jakarta\annotation\jakarta.annotation-api\1.3.5\jakarta.annotation-api-1.3.5.jar;L:\maven\apache-maven-3.6.1\mvn_resp\org\yaml\snakeyaml\1.30\snakeyaml-1.30.jar;L:\maven\apache-maven-3.6.1\mvn_resp\org\springframework\boot\spring-boot-starter-json\2.7.11\spring-boot-starter-json-2.7.11.jar;L:\maven\apache-maven-3.6.1\mvn_resp\com\fasterxml\jackson\datatype\jackson-datatype-jdk8\2.13.5\jackson-datatype-jdk8-2.13.5.jar;L:\maven\apache-maven-3.6.1\mvn_resp\com\fasterxml\jackson\datatype\jackson-datatype-jsr310\2.13.5\jackson-datatype-jsr310-2.13.5.jar;L:\maven\apache-maven-3.6.1\mvn_resp\com\fasterxml\jackson\module\jackson-module-parameter-names\2.13.5\jackson-module-parameter-names-2.13.5.jar;L:\maven\apache-maven-3.6.1\mvn_resp\org\springframework\boot\spring-boot-starter-tomcat\2.7.11\spring-boot-starter-tomcat-2.7.11.jar;L:\maven\apache-maven-3.6.1\mvn_resp\org\apache\tomcat\embed\tomcat-embed-core\9.0.74\tomcat-embed-core-9.0.74.jar;L:\maven\apache-maven-3.6.1\mvn_resp\org\apache\tomcat\embed\tomcat-embed-el\9.0.74\tomcat-embed-el-9.0.74.jar;L:\maven\apache-maven-3.6.1\mvn_resp\org\apache\tomcat\embed\tomcat-embed-websocket\9.0.74\tomcat-embed-websocket-9.0.74.jar;L:\maven\apache-maven-3.6.1\mvn_resp\org\springframework\spring-web\5.3.27\spring-web-5.3.27.jar;L:\maven\apache-maven-3.6.1\mvn_resp\org\springframework\spring-beans\5.3.27\spring-beans-5.3.27.jar;L:\maven\apache-maven-3.6.1\mvn_resp\org\springframework\spring-webmvc\5.3.27\spring-webmvc-5.3.27.jar;L:\maven\apache-maven-3.6.1\mvn_resp\org\springframework\spring-aop\5.3.27\spring-aop-5.3.27.jar;L:\maven\apache-maven-3.6.1\mvn_resp\org\springframework\spring-context\5.3.27\spring-context-5.3.27.jar;L:\maven\apache-maven-3.6.1\mvn_resp\org\springframework\spring-expression\5.3.27\spring-expression-5.3.27.jar;L:\maven\apache-maven-3.6.1\mvn_resp\org\mybatis\spring\boot\mybatis-spring-boot-starter\2.3.0\mybatis-spring-boot-starter-2.3.0.jar;L:\maven\apache-maven-3.6.1\mvn_resp\org\springframework\boot\spring-boot-starter-jdbc\2.7.11\spring-boot-starter-jdbc-2.7.11.jar;L:\maven\apache-maven-3.6.1\mvn_resp\com\zaxxer\HikariCP\4.0.3\HikariCP-4.0.3.jar;L:\maven\apache-maven-3.6.1\mvn_resp\org\springframework\spring-jdbc\5.3.27\spring-jdbc-5.3.27.jar;L:\maven\apache-maven-3.6.1\mvn_resp\org\springframework\spring-tx\5.3.27\spring-tx-5.3.27.jar;L:\maven\apache-maven-3.6.1\mvn_resp\org\mybatis\spring\boot\mybatis-spring-boot-autoconfigure\2.3.0\mybatis-spring-boot-autoconfigure-2.3.0.jar;L:\maven\apache-maven-3.6.1\mvn_resp\org\mybatis\mybatis\3.5.11\mybatis-3.5.11.jar;L:\maven\apache-maven-3.6.1\mvn_resp\org\mybatis\mybatis-spring\2.1.0\mybatis-spring-2.1.0.jar;L:\maven\apache-maven-3.6.1\mvn_resp\com\mysql\mysql-connector-j\8.0.33\mysql-connector-j-8.0.33.jar;L:\maven\apache-maven-3.6.1\mvn_resp\org\projectlombok\lombok\1.18.26\lombok-1.18.26.jar;L:\maven\apache-maven-3.6.1\mvn_resp\org\springframework\boot\spring-boot-starter-test\2.7.11\spring-boot-starter-test-2.7.11.jar;L:\maven\apache-maven-3.6.1\mvn_resp\org\springframework\boot\spring-boot-test\2.7.11\spring-boot-test-2.7.11.jar;L:\maven\apache-maven-3.6.1\mvn_resp\org\springframework\boot\spring-boot-test-autoconfigure\2.7.11\spring-boot-test-autoconfigure-2.7.11.jar;L:\maven\apache-maven-3.6.1\mvn_resp\com\jayway\jsonpath\json-path\2.7.0\json-path-2.7.0.jar;L:\maven\apache-maven-3.6.1\mvn_resp\net\minidev\json-smart\2.4.10\json-smart-2.4.10.jar;L:\maven\apache-maven-3.6.1\mvn_resp\net\minidev\accessors-smart\2.4.9\accessors-smart-2.4.9.jar;L:\maven\apache-maven-3.6.1\mvn_resp\org\ow2\asm\asm\9.3\asm-9.3.jar;L:\maven\apache-maven-3.6.1\mvn_resp\org\slf4j\slf4j-api\1.7.36\slf4j-api-1.7.36.jar;L:\maven\apache-maven-3.6.1\mvn_resp\jakarta\xml\bind\jakarta.xml.bind-api\2.3.3\jakarta.xml.bind-api-2.3.3.jar;L:\maven\apache-maven-3.6.1\mvn_resp\jakarta\activation\jakarta.activation-api\1.2.2\jakarta.activation-api-1.2.2.jar;L:\maven\apache-maven-3.6.1\mvn_resp\org\assertj\assertj-core\3.22.0\assertj-core-3.22.0.jar;L:\maven\apache-maven-3.6.1\mvn_resp\org\hamcrest\hamcrest\2.2\hamcrest-2.2.jar;L:\maven\apache-maven-3.6.1\mvn_resp\org\junit\jupiter\junit-jupiter\5.8.2\junit-jupiter-5.8.2.jar;L:\maven\apache-maven-3.6.1\mvn_resp\org\junit\jupiter\junit-jupiter-api\5.8.2\junit-jupiter-api-5.8.2.jar;L:\maven\apache-maven-3.6.1\mvn_resp\org\opentest4j\opentest4j\1.2.0\opentest4j-1.2.0.jar;L:\maven\apache-maven-3.6.1\mvn_resp\org\junit\platform\junit-platform-commons\1.8.2\junit-platform-commons-1.8.2.jar;L:\maven\apache-maven-3.6.1\mvn_resp\org\apiguardian\apiguardian-api\1.1.2\apiguardian-api-1.1.2.jar;L:\maven\apache-maven-3.6.1\mvn_resp\org\junit\jupiter\junit-jupiter-params\5.8.2\junit-jupiter-params-5.8.2.jar;L:\maven\apache-maven-3.6.1\mvn_resp\org\junit\jupiter\junit-jupiter-engine\5.8.2\junit-jupiter-engine-5.8.2.jar;L:\maven\apache-maven-3.6.1\mvn_resp\org\junit\platform\junit-platform-engine\1.8.2\junit-platform-engine-1.8.2.jar;L:\maven\apache-maven-3.6.1\mvn_resp\org\mockito\mockito-core\4.5.1\mockito-core-4.5.1.jar;L:\maven\apache-maven-3.6.1\mvn_resp\net\bytebuddy\byte-buddy\1.12.23\byte-buddy-1.12.23.jar;L:\maven\apache-maven-3.6.1\mvn_resp\net\bytebuddy\byte-buddy-agent\1.12.23\byte-buddy-agent-1.12.23.jar;L:\maven\apache-maven-3.6.1\mvn_resp\org\objenesis\objenesis\3.2\objenesis-3.2.jar;L:\maven\apache-maven-3.6.1\mvn_resp\org\mockito\mockito-junit-jupiter\4.5.1\mockito-junit-jupiter-4.5.1.jar;L:\maven\apache-maven-3.6.1\mvn_resp\org\skyscreamer\jsonassert\1.5.1\jsonassert-1.5.1.jar;L:\maven\apache-maven-3.6.1\mvn_resp\com\vaadin\external\google\android-json\0.0.20131108.vaadin1\android-json-0.0.20131108.vaadin1.jar;L:\maven\apache-maven-3.6.1\mvn_resp\org\springframework\spring-core\5.3.27\spring-core-5.3.27.jar;L:\maven\apache-maven-3.6.1\mvn_resp\org\springframework\spring-jcl\5.3.27\spring-jcl-5.3.27.jar;L:\maven\apache-maven-3.6.1\mvn_resp\org\springframework\spring-test\5.3.27\spring-test-5.3.27.jar;L:\maven\apache-maven-3.6.1\mvn_resp\org\xmlunit\xmlunit-core\2.9.1\xmlunit-core-2.9.1.jar;L:\maven\apache-maven-3.6.1\mvn_resp\org\springframework\boot\spring-boot-configuration-processor\2.7.11\spring-boot-configuration-processor-2.7.11.jar;L:\maven\apache-maven-3.6.1\mvn_resp\javax\xml\bind\jaxb-api\2.3.1\jaxb-api-2.3.1.jar;L:\maven\apache-maven-3.6.1\mvn_resp\javax\activation\javax.activation-api\1.2.0\javax.activation-api-1.2.0.jar;L:\maven\apache-maven-3.6.1\mvn_resp\javax\activation\activation\1.1.1\activation-1.1.1.jar;L:\maven\apache-maven-3.6.1\mvn_resp\org\glassfish\jaxb\jaxb-runtime\2.3.3\jaxb-runtime-2.3.3.jar;L:\maven\apache-maven-3.6.1\mvn_resp\org\glassfish\jaxb\txw2\2.3.8\txw2-2.3.8.jar;L:\maven\apache-maven-3.6.1\mvn_resp\com\sun\istack\istack-commons-runtime\3.0.11\istack-commons-runtime-3.0.11.jar;L:\maven\apache-maven-3.6.1\mvn_resp\com\sun\activation\jakarta.activation\1.2.2\jakarta.activation-1.2.2.jar;L:\maven\apache-maven-3.6.1\mvn_resp\io\jsonwebtoken\jjwt\0.9.1\jjwt-0.9.1.jar;L:\maven\apache-maven-3.6.1\mvn_resp\com\fasterxml\jackson\core\jackson-databind\2.13.5\jackson-databind-2.13.5.jar;L:\maven\apache-maven-3.6.1\mvn_resp\com\fasterxml\jackson\core\jackson-annotations\2.13.5\jackson-annotations-2.13.5.jar;L:\maven\apache-maven-3.6.1\mvn_resp\com\fasterxml\jackson\core\jackson-core\2.13.5\jackson-core-2.13.5.jar;L:\maven\apache-maven-3.6.1\mvn_resp\com\alibaba\fastjson\1.2.76\fastjson-1.2.76.jar;"/>
    <property name="java.vm.vendor" value="Oracle Corporation"/>
    <property name="sun.arch.data.model" value="64"/>
    <property name="user.variant" value=""/>
    <property name="java.vendor.url" value="https://openjdk.java.net/"/>
    <property name="user.timezone" value="Asia/Shanghai"/>
    <property name="java.vm.specification.version" value="11"/>
    <property name="os.name" value="Windows 11"/>
    <property name="sun.java.launcher" value="SUN_STANDARD"/>
    <property name="user.country" value="CN"/>
    <property name="sun.boot.library.path" value="L:\JDK11\bin"/>
    <property name="sun.java.command" value="C:\Users\LY1020\AppData\Local\Temp\surefire17179720986814332844\surefirebooter10944987473684943944.jar C:\Users\LY1020\AppData\Local\Temp\surefire17179720986814332844 2023-05-05T19-18-36_398-jvmRun1 surefire2421921454489479756tmp surefire_03009630590862671120tmp"/>
    <property name="jdk.debug" value="release"/>
    <property name="surefire.test.class.path" value="L:\tjsystem\target\test-classes;L:\tjsystem\target\classes;L:\maven\apache-maven-3.6.1\mvn_resp\org\springframework\boot\spring-boot-starter-web\2.7.11\spring-boot-starter-web-2.7.11.jar;L:\maven\apache-maven-3.6.1\mvn_resp\org\springframework\boot\spring-boot-starter\2.7.11\spring-boot-starter-2.7.11.jar;L:\maven\apache-maven-3.6.1\mvn_resp\org\springframework\boot\spring-boot\2.7.11\spring-boot-2.7.11.jar;L:\maven\apache-maven-3.6.1\mvn_resp\org\springframework\boot\spring-boot-autoconfigure\2.7.11\spring-boot-autoconfigure-2.7.11.jar;L:\maven\apache-maven-3.6.1\mvn_resp\org\springframework\boot\spring-boot-starter-logging\2.7.11\spring-boot-starter-logging-2.7.11.jar;L:\maven\apache-maven-3.6.1\mvn_resp\ch\qos\logback\logback-classic\1.2.12\logback-classic-1.2.12.jar;L:\maven\apache-maven-3.6.1\mvn_resp\ch\qos\logback\logback-core\1.2.12\logback-core-1.2.12.jar;L:\maven\apache-maven-3.6.1\mvn_resp\org\apache\logging\log4j\log4j-to-slf4j\2.17.2\log4j-to-slf4j-2.17.2.jar;L:\maven\apache-maven-3.6.1\mvn_resp\org\apache\logging\log4j\log4j-api\2.17.2\log4j-api-2.17.2.jar;L:\maven\apache-maven-3.6.1\mvn_resp\org\slf4j\jul-to-slf4j\1.7.36\jul-to-slf4j-1.7.36.jar;L:\maven\apache-maven-3.6.1\mvn_resp\jakarta\annotation\jakarta.annotation-api\1.3.5\jakarta.annotation-api-1.3.5.jar;L:\maven\apache-maven-3.6.1\mvn_resp\org\yaml\snakeyaml\1.30\snakeyaml-1.30.jar;L:\maven\apache-maven-3.6.1\mvn_resp\org\springframework\boot\spring-boot-starter-json\2.7.11\spring-boot-starter-json-2.7.11.jar;L:\maven\apache-maven-3.6.1\mvn_resp\com\fasterxml\jackson\datatype\jackson-datatype-jdk8\2.13.5\jackson-datatype-jdk8-2.13.5.jar;L:\maven\apache-maven-3.6.1\mvn_resp\com\fasterxml\jackson\datatype\jackson-datatype-jsr310\2.13.5\jackson-datatype-jsr310-2.13.5.jar;L:\maven\apache-maven-3.6.1\mvn_resp\com\fasterxml\jackson\module\jackson-module-parameter-names\2.13.5\jackson-module-parameter-names-2.13.5.jar;L:\maven\apache-maven-3.6.1\mvn_resp\org\springframework\boot\spring-boot-starter-tomcat\2.7.11\spring-boot-starter-tomcat-2.7.11.jar;L:\maven\apache-maven-3.6.1\mvn_resp\org\apache\tomcat\embed\tomcat-embed-core\9.0.74\tomcat-embed-core-9.0.74.jar;L:\maven\apache-maven-3.6.1\mvn_resp\org\apache\tomcat\embed\tomcat-embed-el\9.0.74\tomcat-embed-el-9.0.74.jar;L:\maven\apache-maven-3.6.1\mvn_resp\org\apache\tomcat\embed\tomcat-embed-websocket\9.0.74\tomcat-embed-websocket-9.0.74.jar;L:\maven\apache-maven-3.6.1\mvn_resp\org\springframework\spring-web\5.3.27\spring-web-5.3.27.jar;L:\maven\apache-maven-3.6.1\mvn_resp\org\springframework\spring-beans\5.3.27\spring-beans-5.3.27.jar;L:\maven\apache-maven-3.6.1\mvn_resp\org\springframework\spring-webmvc\5.3.27\spring-webmvc-5.3.27.jar;L:\maven\apache-maven-3.6.1\mvn_resp\org\springframework\spring-aop\5.3.27\spring-aop-5.3.27.jar;L:\maven\apache-maven-3.6.1\mvn_resp\org\springframework\spring-context\5.3.27\spring-context-5.3.27.jar;L:\maven\apache-maven-3.6.1\mvn_resp\org\springframework\spring-expression\5.3.27\spring-expression-5.3.27.jar;L:\maven\apache-maven-3.6.1\mvn_resp\org\mybatis\spring\boot\mybatis-spring-boot-starter\2.3.0\mybatis-spring-boot-starter-2.3.0.jar;L:\maven\apache-maven-3.6.1\mvn_resp\org\springframework\boot\spring-boot-starter-jdbc\2.7.11\spring-boot-starter-jdbc-2.7.11.jar;L:\maven\apache-maven-3.6.1\mvn_resp\com\zaxxer\HikariCP\4.0.3\HikariCP-4.0.3.jar;L:\maven\apache-maven-3.6.1\mvn_resp\org\springframework\spring-jdbc\5.3.27\spring-jdbc-5.3.27.jar;L:\maven\apache-maven-3.6.1\mvn_resp\org\springframework\spring-tx\5.3.27\spring-tx-5.3.27.jar;L:\maven\apache-maven-3.6.1\mvn_resp\org\mybatis\spring\boot\mybatis-spring-boot-autoconfigure\2.3.0\mybatis-spring-boot-autoconfigure-2.3.0.jar;L:\maven\apache-maven-3.6.1\mvn_resp\org\mybatis\mybatis\3.5.11\mybatis-3.5.11.jar;L:\maven\apache-maven-3.6.1\mvn_resp\org\mybatis\mybatis-spring\2.1.0\mybatis-spring-2.1.0.jar;L:\maven\apache-maven-3.6.1\mvn_resp\com\mysql\mysql-connector-j\8.0.33\mysql-connector-j-8.0.33.jar;L:\maven\apache-maven-3.6.1\mvn_resp\org\projectlombok\lombok\1.18.26\lombok-1.18.26.jar;L:\maven\apache-maven-3.6.1\mvn_resp\org\springframework\boot\spring-boot-starter-test\2.7.11\spring-boot-starter-test-2.7.11.jar;L:\maven\apache-maven-3.6.1\mvn_resp\org\springframework\boot\spring-boot-test\2.7.11\spring-boot-test-2.7.11.jar;L:\maven\apache-maven-3.6.1\mvn_resp\org\springframework\boot\spring-boot-test-autoconfigure\2.7.11\spring-boot-test-autoconfigure-2.7.11.jar;L:\maven\apache-maven-3.6.1\mvn_resp\com\jayway\jsonpath\json-path\2.7.0\json-path-2.7.0.jar;L:\maven\apache-maven-3.6.1\mvn_resp\net\minidev\json-smart\2.4.10\json-smart-2.4.10.jar;L:\maven\apache-maven-3.6.1\mvn_resp\net\minidev\accessors-smart\2.4.9\accessors-smart-2.4.9.jar;L:\maven\apache-maven-3.6.1\mvn_resp\org\ow2\asm\asm\9.3\asm-9.3.jar;L:\maven\apache-maven-3.6.1\mvn_resp\org\slf4j\slf4j-api\1.7.36\slf4j-api-1.7.36.jar;L:\maven\apache-maven-3.6.1\mvn_resp\jakarta\xml\bind\jakarta.xml.bind-api\2.3.3\jakarta.xml.bind-api-2.3.3.jar;L:\maven\apache-maven-3.6.1\mvn_resp\jakarta\activation\jakarta.activation-api\1.2.2\jakarta.activation-api-1.2.2.jar;L:\maven\apache-maven-3.6.1\mvn_resp\org\assertj\assertj-core\3.22.0\assertj-core-3.22.0.jar;L:\maven\apache-maven-3.6.1\mvn_resp\org\hamcrest\hamcrest\2.2\hamcrest-2.2.jar;L:\maven\apache-maven-3.6.1\mvn_resp\org\junit\jupiter\junit-jupiter\5.8.2\junit-jupiter-5.8.2.jar;L:\maven\apache-maven-3.6.1\mvn_resp\org\junit\jupiter\junit-jupiter-api\5.8.2\junit-jupiter-api-5.8.2.jar;L:\maven\apache-maven-3.6.1\mvn_resp\org\opentest4j\opentest4j\1.2.0\opentest4j-1.2.0.jar;L:\maven\apache-maven-3.6.1\mvn_resp\org\junit\platform\junit-platform-commons\1.8.2\junit-platform-commons-1.8.2.jar;L:\maven\apache-maven-3.6.1\mvn_resp\org\apiguardian\apiguardian-api\1.1.2\apiguardian-api-1.1.2.jar;L:\maven\apache-maven-3.6.1\mvn_resp\org\junit\jupiter\junit-jupiter-params\5.8.2\junit-jupiter-params-5.8.2.jar;L:\maven\apache-maven-3.6.1\mvn_resp\org\junit\jupiter\junit-jupiter-engine\5.8.2\junit-jupiter-engine-5.8.2.jar;L:\maven\apache-maven-3.6.1\mvn_resp\org\junit\platform\junit-platform-engine\1.8.2\junit-platform-engine-1.8.2.jar;L:\maven\apache-maven-3.6.1\mvn_resp\org\mockito\mockito-core\4.5.1\mockito-core-4.5.1.jar;L:\maven\apache-maven-3.6.1\mvn_resp\net\bytebuddy\byte-buddy\1.12.23\byte-buddy-1.12.23.jar;L:\maven\apache-maven-3.6.1\mvn_resp\net\bytebuddy\byte-buddy-agent\1.12.23\byte-buddy-agent-1.12.23.jar;L:\maven\apache-maven-3.6.1\mvn_resp\org\objenesis\objenesis\3.2\objenesis-3.2.jar;L:\maven\apache-maven-3.6.1\mvn_resp\org\mockito\mockito-junit-jupiter\4.5.1\mockito-junit-jupiter-4.5.1.jar;L:\maven\apache-maven-3.6.1\mvn_resp\org\skyscreamer\jsonassert\1.5.1\jsonassert-1.5.1.jar;L:\maven\apache-maven-3.6.1\mvn_resp\com\vaadin\external\google\android-json\0.0.20131108.vaadin1\android-json-0.0.20131108.vaadin1.jar;L:\maven\apache-maven-3.6.1\mvn_resp\org\springframework\spring-core\5.3.27\spring-core-5.3.27.jar;L:\maven\apache-maven-3.6.1\mvn_resp\org\springframework\spring-jcl\5.3.27\spring-jcl-5.3.27.jar;L:\maven\apache-maven-3.6.1\mvn_resp\org\springframework\spring-test\5.3.27\spring-test-5.3.27.jar;L:\maven\apache-maven-3.6.1\mvn_resp\org\xmlunit\xmlunit-core\2.9.1\xmlunit-core-2.9.1.jar;L:\maven\apache-maven-3.6.1\mvn_resp\org\springframework\boot\spring-boot-configuration-processor\2.7.11\spring-boot-configuration-processor-2.7.11.jar;L:\maven\apache-maven-3.6.1\mvn_resp\javax\xml\bind\jaxb-api\2.3.1\jaxb-api-2.3.1.jar;L:\maven\apache-maven-3.6.1\mvn_resp\javax\activation\javax.activation-api\1.2.0\javax.activation-api-1.2.0.jar;L:\maven\apache-maven-3.6.1\mvn_resp\javax\activation\activation\1.1.1\activation-1.1.1.jar;L:\maven\apache-maven-3.6.1\mvn_resp\org\glassfish\jaxb\jaxb-runtime\2.3.3\jaxb-runtime-2.3.3.jar;L:\maven\apache-maven-3.6.1\mvn_resp\org\glassfish\jaxb\txw2\2.3.8\txw2-2.3.8.jar;L:\maven\apache-maven-3.6.1\mvn_resp\com\sun\istack\istack-commons-runtime\3.0.11\istack-commons-runtime-3.0.11.jar;L:\maven\apache-maven-3.6.1\mvn_resp\com\sun\activation\jakarta.activation\1.2.2\jakarta.activation-1.2.2.jar;L:\maven\apache-maven-3.6.1\mvn_resp\io\jsonwebtoken\jjwt\0.9.1\jjwt-0.9.1.jar;L:\maven\apache-maven-3.6.1\mvn_resp\com\fasterxml\jackson\core\jackson-databind\2.13.5\jackson-databind-2.13.5.jar;L:\maven\apache-maven-3.6.1\mvn_resp\com\fasterxml\jackson\core\jackson-annotations\2.13.5\jackson-annotations-2.13.5.jar;L:\maven\apache-maven-3.6.1\mvn_resp\com\fasterxml\jackson\core\jackson-core\2.13.5\jackson-core-2.13.5.jar;L:\maven\apache-maven-3.6.1\mvn_resp\com\alibaba\fastjson\1.2.76\fastjson-1.2.76.jar;"/>
    <property name="sun.cpu.endian" value="little"/>
    <property name="user.home" value="C:\Users\LY1020"/>
    <property name="user.language" value="zh"/>
    <property name="java.specification.vendor" value="Oracle Corporation"/>
    <property name="java.version.date" value="2023-01-17"/>
    <property name="java.home" value="L:\JDK11"/>
    <property name="file.separator" value="\"/>
    <property name="basedir" value="L:\tjsystem"/>
    <property name="java.vm.compressedOopsMode" value="Zero based"/>
    <property name="line.separator" value="&#10;"/>
    <property name="java.specification.name" value="Java Platform API Specification"/>
    <property name="java.vm.specification.vendor" value="Oracle Corporation"/>
    <property name="java.awt.graphicsenv" value="sun.awt.Win32GraphicsEnvironment"/>
    <property name="surefire.real.class.path" value="C:\Users\LY1020\AppData\Local\Temp\surefire17179720986814332844\surefirebooter10944987473684943944.jar"/>
    <property name="user.script" value=""/>
    <property name="sun.management.compiler" value="HotSpot 64-Bit Tiered Compilers"/>
    <property name="java.runtime.version" value="11.0.18+9-LTS-195"/>
    <property name="user.name" value="LY1020"/>
    <property name="path.separator" value=";"/>
    <property name="os.version" value="10.0"/>
    <property name="java.runtime.name" value="Java(TM) SE Runtime Environment"/>
    <property name="file.encoding" value="GBK"/>
    <property name="java.vm.name" value="Java HotSpot(TM) 64-Bit Server VM"/>
    <property name="java.vendor.version" value="18.9"/>
    <property name="localRepository" value="L:\maven\apache-maven-3.6.1\mvn_resp"/>
    <property name="java.vendor.url.bug" value="https://bugreport.java.com/bugreport/"/>
    <property name="java.io.tmpdir" value="C:\Users\LY1020\AppData\Local\Temp\"/>
    <property name="idea.version" value="2020.2.3"/>
    <property name="java.version" value="11.0.18"/>
    <property name="user.dir" value="L:\tjsystem"/>
    <property name="os.arch" value="amd64"/>
    <property name="java.vm.specification.name" value="Java Virtual Machine Specification"/>
    <property name="java.awt.printerjob" value="sun.awt.windows.WPrinterJob"/>
    <property name="sun.os.patch.level" value=""/>
    <property name="java.library.path" value="L:\JDK11\bin;C:\WINDOWS\Sun\Java\bin;C:\WINDOWS\system32;C:\WINDOWS;C:\Program Files (x86)\Common Files\Oracle\Java\javapath;C:\Program Files\Common Files\Oracle\Java\javapath;C:\Program Files (x86)\VMware\VMware Workstation\bin\;C:\Program Files\PlasticSCM5\server;C:\Program Files\PlasticSCM5\client;C:\Windows\system32;C:\Windows;C:\Windows\System32\Wbem;C:\Windows\System32\WindowsPowerShell\v1.0\;C:\Windows\System32\OpenSSH\;C:\Program Files (x86)\NVIDIA Corporation\PhysX\Common;C:\Program Files\NVIDIA Corporation\NVIDIA NvDLISR;C:\Program Files\nodejs\;L:\Q\bin;C:\WINDOWS\system32;C:\WINDOWS;C:\WINDOWS\System32\Wbem;C:\WINDOWS\System32\WindowsPowerShell\v1.0\;C:\WINDOWS\System32\OpenSSH\;L:\python3.10\Scripts;L:\python3.10;C:\Program Files\dotnet\;C:\Program Files (x86)\OpenVPN\bin;L:\Q\win;L:\Q\bin;%JAVA_HOME%\bin;L:\Powerbuilder\Shared\PowerBuilder;L:\Powerbuilder\Shared\PowerBuilder\x64;L:\Powerbuilder\PowerBuilder 19.0;C:\WINDOWS\Microsoft.NET\Framework\v4.0.30319;C:\Program Files (x86)\dotnet\;L:\Git\Git\cmd;C:\Program Files\MySQL\MySQL Server 8.0\bin;L:\maven\apache-maven-3.6.1\bin;L:\Tomcat9\apache-tomcat-9.0.73-windows-x64\apache-tomcat-9.0.73\bin;L:\Tomcat9\apache-tomcat-9.0.73-windows-x64\apache-tomcat-9.0.73\lib;L:\Tomcat9\apache-tomcat-9.0.73-windows-x64\apache-tomcat-9.0.73\lib\servlet-api.jar;L:\Nodejs;C:\Program Files\MySQL\MySQL Shell 8.0\bin\;L:\JDK11\\bin;L:\JDK11\\jre\\bin;L:\Microsoft VS Code\bin;L:\IDEA\IntelliJ IDEA Community Edition 2022.3.2\bin;;L:\nodejs\node_cache;L:\nodejs\node_global;L:\SSH;4;C:\Users\LY1020\AppData\Roaming\npm;."/>
    <property name="java.vendor" value="Oracle Corporation"/>
    <property name="java.vm.info" value="mixed mode"/>
    <property name="java.vm.version" value="11.0.18+9-LTS-195"/>
    <property name="sun.io.unicode.encoding" value="UnicodeLittle"/>
    <property name="java.class.version" value="55.0"/>
  </properties>
  <testcase name="contextLoads" classname="com.tjsystem.TjsystemApplicationTests" time="0.001">
    <error message="Failed to load ApplicationContext" type="java.lang.IllegalStateException">java.lang.IllegalStateException: Failed to load ApplicationContext
Caused by: org.springframework.beans.factory.BeanCreationException: Error creating bean with name 'dataSource' defined in class path resource [org/springframework/boot/autoconfigure/jdbc/DataSourceConfiguration$Hikari.class]: Bean instantiation via factory method failed; nested exception is org.springframework.beans.BeanInstantiationException: Failed to instantiate [com.zaxxer.hikari.HikariDataSource]: Factory method 'dataSource' threw exception; nested exception is org.springframework.boot.autoconfigure.jdbc.DataSourceProperties$DataSourceBeanCreationException: Failed to determine a suitable driver class
Caused by: org.springframework.beans.BeanInstantiationException: Failed to instantiate [com.zaxxer.hikari.HikariDataSource]: Factory method 'dataSource' threw exception; nested exception is org.springframework.boot.autoconfigure.jdbc.DataSourceProperties$DataSourceBeanCreationException: Failed to determine a suitable driver class
Caused by: org.springframework.boot.autoconfigure.jdbc.DataSourceProperties$DataSourceBeanCreationException: Failed to determine a suitable driver class
</error>
    <system-out><![CDATA[19:18:37.387 [main] DEBUG org.springframework.test.context.BootstrapUtils - Instantiating CacheAwareContextLoaderDelegate from class [org.springframework.test.context.cache.DefaultCacheAwareContextLoaderDelegate]
19:18:37.396 [main] DEBUG org.springframework.test.context.BootstrapUtils - Instantiating BootstrapContext using constructor [public org.springframework.test.context.support.DefaultBootstrapContext(java.lang.Class,org.springframework.test.context.CacheAwareContextLoaderDelegate)]
19:18:37.422 [main] DEBUG org.springframework.test.context.BootstrapUtils - Instantiating TestContextBootstrapper for test class [com.tjsystem.TjsystemApplicationTests] from class [org.springframework.boot.test.context.SpringBootTestContextBootstrapper]
19:18:37.430 [main] INFO org.springframework.boot.test.context.SpringBootTestContextBootstrapper - Neither @ContextConfiguration nor @ContextHierarchy found for test class [com.tjsystem.TjsystemApplicationTests], using SpringBootContextLoader
19:18:37.432 [main] DEBUG org.springframework.test.context.support.AbstractContextLoader - Did not detect default resource location for test class [com.tjsystem.TjsystemApplicationTests]: class path resource [com/tjsystem/TjsystemApplicationTests-context.xml] does not exist
19:18:37.433 [main] DEBUG org.springframework.test.context.support.AbstractContextLoader - Did not detect default resource location for test class [com.tjsystem.TjsystemApplicationTests]: class path resource [com/tjsystem/TjsystemApplicationTestsContext.groovy] does not exist
19:18:37.433 [main] INFO org.springframework.test.context.support.AbstractContextLoader - Could not detect default resource locations for test class [com.tjsystem.TjsystemApplicationTests]: no resource found for suffixes {-context.xml, Context.groovy}.
19:18:37.433 [main] INFO org.springframework.test.context.support.AnnotationConfigContextLoaderUtils - Could not detect default configuration classes for test class [com.tjsystem.TjsystemApplicationTests]: TjsystemApplicationTests does not declare any static, non-private, non-final, nested classes annotated with @Configuration.
19:18:37.455 [main] DEBUG org.springframework.test.context.support.ActiveProfilesUtils - Could not find an 'annotation declaring class' for annotation type [org.springframework.test.context.ActiveProfiles] and class [com.tjsystem.TjsystemApplicationTests]
19:18:37.499 [main] DEBUG org.springframework.context.annotation.ClassPathScanningCandidateComponentProvider - Identified candidate component class: file [L:\tjsystem\target\classes\com\tjsystem\TjsystemApplication.class]
19:18:37.502 [main] INFO org.springframework.boot.test.context.SpringBootTestContextBootstrapper - Found @SpringBootConfiguration com.tjsystem.TjsystemApplication for test class com.tjsystem.TjsystemApplicationTests
19:18:37.572 [main] DEBUG org.springframework.boot.test.context.SpringBootTestContextBootstrapper - @TestExecutionListeners is not present for class [com.tjsystem.TjsystemApplicationTests]: using defaults.
19:18:37.572 [main] INFO org.springframework.boot.test.context.SpringBootTestContextBootstrapper - Loaded default TestExecutionListener class names from location [META-INF/spring.factories]: [org.springframework.boot.test.mock.mockito.MockitoTestExecutionListener, org.springframework.boot.test.mock.mockito.ResetMocksTestExecutionListener, org.springframework.boot.test.autoconfigure.restdocs.RestDocsTestExecutionListener, org.springframework.boot.test.autoconfigure.web.client.MockRestServiceServerResetTestExecutionListener, org.springframework.boot.test.autoconfigure.web.servlet.MockMvcPrintOnlyOnFailureTestExecutionListener, org.springframework.boot.test.autoconfigure.web.servlet.WebDriverTestExecutionListener, org.springframework.boot.test.autoconfigure.webservices.client.MockWebServiceServerTestExecutionListener, org.springframework.test.context.web.ServletTestExecutionListener, org.springframework.test.context.support.DirtiesContextBeforeModesTestExecutionListener, org.springframework.test.context.event.ApplicationEventsTestExecutionListener, org.springframework.test.context.support.DependencyInjectionTestExecutionListener, org.springframework.test.context.support.DirtiesContextTestExecutionListener, org.springframework.test.context.transaction.TransactionalTestExecutionListener, org.springframework.test.context.jdbc.SqlScriptsTestExecutionListener, org.springframework.test.context.event.EventPublishingTestExecutionListener]
19:18:37.585 [main] INFO org.springframework.boot.test.context.SpringBootTestContextBootstrapper - Using TestExecutionListeners: [org.springframework.test.context.web.ServletTestExecutionListener@52d239ba, org.springframework.test.context.support.DirtiesContextBeforeModesTestExecutionListener@315f43d5, org.springframework.test.context.event.ApplicationEventsTestExecutionListener@68fa0ba8, org.springframework.boot.test.mock.mockito.MockitoTestExecutionListener@6c5945a7, org.springframework.boot.test.autoconfigure.SpringBootDependencyInjectionTestExecutionListener@2f05be7f, org.springframework.test.context.support.DirtiesContextTestExecutionListener@640f11a1, org.springframework.test.context.transaction.TransactionalTestExecutionListener@5c10f1c3, org.springframework.test.context.jdbc.SqlScriptsTestExecutionListener@7ac2e39b, org.springframework.test.context.event.EventPublishingTestExecutionListener@78365cfa, org.springframework.boot.test.mock.mockito.ResetMocksTestExecutionListener@64a8c844, org.springframework.boot.test.autoconfigure.restdocs.RestDocsTestExecutionListener@3f6db3fb, org.springframework.boot.test.autoconfigure.web.client.MockRestServiceServerResetTestExecutionListener@52de51b6, org.springframework.boot.test.autoconfigure.web.servlet.MockMvcPrintOnlyOnFailureTestExecutionListener@18c5069b, org.springframework.boot.test.autoconfigure.web.servlet.WebDriverTestExecutionListener@3a0d172f, org.springframework.boot.test.autoconfigure.webservices.client.MockWebServiceServerTestExecutionListener@68ad99fe]
19:18:37.588 [main] DEBUG org.springframework.test.context.support.AbstractDirtiesContextTestExecutionListener - Before test class: context [DefaultTestContext@6e6d5d29 testClass = TjsystemApplicationTests, testInstance = [null], testMethod = [null], testException = [null], mergedContextConfiguration = [WebMergedContextConfiguration@5c530d1e testClass = TjsystemApplicationTests, locations = '{}', classes = '{class com.tjsystem.TjsystemApplication}', contextInitializerClasses = '[]', activeProfiles = '{}', propertySourceLocations = '{}', propertySourceProperties = '{org.springframework.boot.test.context.SpringBootTestContextBootstrapper=true}', contextCustomizers = set[org.springframework.boot.test.context.filter.ExcludeFilterContextCustomizer@102cec62, org.springframework.boot.test.json.DuplicateJsonObjectContextCustomizerFactory$DuplicateJsonObjectContextCustomizer@19b89d4, org.springframework.boot.test.mock.mockito.MockitoContextCustomizer@0, org.springframework.boot.test.web.client.TestRestTemplateContextCustomizer@44be0077, org.springframework.boot.test.autoconfigure.actuate.metrics.MetricsExportContextCustomizerFactory$DisableMetricExportContextCustomizer@7d94beb9, org.springframework.boot.test.autoconfigure.properties.PropertyMappingContextCustomizer@0, org.springframework.boot.test.autoconfigure.web.servlet.WebDriverContextCustomizerFactory$Customizer@651aed93, org.springframework.boot.test.context.SpringBootTestArgs@1, org.springframework.boot.test.context.SpringBootTestWebEnvironment@21de60b4], resourceBasePath = 'src/main/webapp', contextLoader = 'org.springframework.boot.test.context.SpringBootContextLoader', parent = [null]], attributes = map['org.springframework.test.context.web.ServletTestExecutionListener.activateListener' -> true]], class annotated with @DirtiesContext [false] with mode [null].

  .   ____          _            __ _ _
 /\\ / ___'_ __ _ _(_)_ __  __ _ \ \ \ \
( ( )\___ | '_ | '_| | '_ \/ _` | \ \ \ \
 \\/  ___)| |_)| | | | | || (_| |  ) ) ) )
  '  |____| .__|_| |_|_| |_\__, | / / / /
 =========|_|==============|___/=/_/_/_/
 :: Spring Boot ::               (v2.7.11)

2023-05-05 19:18:37.822  INFO 2116 --- [           main] com.tjsystem.TjsystemApplicationTests    : Starting TjsystemApplicationTests using Java 11.0.18 on DESKTOP-IDB4FU1 with PID 2116 (started by LY1020 in L:\tjsystem)
2023-05-05 19:18:37.823  INFO 2116 --- [           main] com.tjsystem.TjsystemApplicationTests    : No active profile set, falling back to 1 default profile: "default"
2023-05-05 19:18:38.227  WARN 2116 --- [           main] o.m.s.mapper.ClassPathMapperScanner      : No MyBatis mapper was found in '[com.tjsystem]' package. Please check your configuration.
2023-05-05 19:18:38.907  WARN 2116 --- [           main] o.s.w.c.s.GenericWebApplicationContext   : Exception encountered during context initialization - cancelling refresh attempt: org.springframework.beans.factory.BeanCreationException: Error creating bean with name 'dataSource' defined in class path resource [org/springframework/boot/autoconfigure/jdbc/DataSourceConfiguration$Hikari.class]: Bean instantiation via factory method failed; nested exception is org.springframework.beans.BeanInstantiationException: Failed to instantiate [com.zaxxer.hikari.HikariDataSource]: Factory method 'dataSource' threw exception; nested exception is org.springframework.boot.autoconfigure.jdbc.DataSourceProperties$DataSourceBeanCreationException: Failed to determine a suitable driver class
2023-05-05 19:18:38.913  INFO 2116 --- [           main] ConditionEvaluationReportLoggingListener : 

Error starting ApplicationContext. To display the conditions report re-run your application with 'debug' enabled.
2023-05-05 19:18:38.926 ERROR 2116 --- [           main] o.s.b.d.LoggingFailureAnalysisReporter   : 

***************************
APPLICATION FAILED TO START
***************************

Description:

Failed to configure a DataSource: 'url' attribute is not specified and no embedded datasource could be configured.

Reason: Failed to determine a suitable driver class


Action:

Consider the following:
	If you want an embedded database (H2, HSQL or Derby), please put it on the classpath.
	If you have database settings to be loaded from a particular profile you may need to activate it (no profiles are currently active).

2023-05-05 19:18:38.930 ERROR 2116 --- [           main] o.s.test.context.TestContextManager      : Caught exception while allowing TestExecutionListener [org.springframework.test.context.web.ServletTestExecutionListener@52d239ba] to prepare test instance [com.tjsystem.TjsystemApplicationTests@41ccb3b9]

java.lang.IllegalStateException: Failed to load ApplicationContext
	at org.springframework.test.context.cache.DefaultCacheAwareContextLoaderDelegate.loadContext(DefaultCacheAwareContextLoaderDelegate.java:98) ~[spring-test-5.3.27.jar:5.3.27]
	at org.springframework.test.context.support.DefaultTestContext.getApplicationContext(DefaultTestContext.java:124) ~[spring-test-5.3.27.jar:5.3.27]
	at org.springframework.test.context.web.ServletTestExecutionListener.setUpRequestContextIfNecessary(ServletTestExecutionListener.java:190) ~[spring-test-5.3.27.jar:5.3.27]
	at org.springframework.test.context.web.ServletTestExecutionListener.prepareTestInstance(ServletTestExecutionListener.java:132) ~[spring-test-5.3.27.jar:5.3.27]
	at org.springframework.test.context.TestContextManager.prepareTestInstance(TestContextManager.java:248) ~[spring-test-5.3.27.jar:5.3.27]
	at org.springframework.test.context.junit.jupiter.SpringExtension.postProcessTestInstance(SpringExtension.java:138) ~[spring-test-5.3.27.jar:5.3.27]
	at org.junit.jupiter.engine.descriptor.ClassBasedTestDescriptor.lambda$invokeTestInstancePostProcessors$8(ClassBasedTestDescriptor.java:363) ~[junit-jupiter-engine-5.8.2.jar:5.8.2]
	at org.junit.jupiter.engine.descriptor.ClassBasedTestDescriptor.executeAndMaskThrowable(ClassBasedTestDescriptor.java:368) ~[junit-jupiter-engine-5.8.2.jar:5.8.2]
	at org.junit.jupiter.engine.descriptor.ClassBasedTestDescriptor.lambda$invokeTestInstancePostProcessors$9(ClassBasedTestDescriptor.java:363) ~[junit-jupiter-engine-5.8.2.jar:5.8.2]
	at java.base/java.util.stream.ReferencePipeline$3$1.accept(ReferencePipeline.java:195) ~[na:na]
	at java.base/java.util.stream.ReferencePipeline$2$1.accept(ReferencePipeline.java:177) ~[na:na]
	at java.base/java.util.ArrayList$ArrayListSpliterator.forEachRemaining(ArrayList.java:1655) ~[na:na]
	at java.base/java.util.stream.AbstractPipeline.copyInto(AbstractPipeline.java:484) ~[na:na]
	at java.base/java.util.stream.AbstractPipeline.wrapAndCopyInto(AbstractPipeline.java:474) ~[na:na]
	at java.base/java.util.stream.StreamSpliterators$WrappingSpliterator.forEachRemaining(StreamSpliterators.java:312) ~[na:na]
	at java.base/java.util.stream.Streams$ConcatSpliterator.forEachRemaining(Streams.java:735) ~[na:na]
	at java.base/java.util.stream.Streams$ConcatSpliterator.forEachRemaining(Streams.java:734) ~[na:na]
	at java.base/java.util.stream.ReferencePipeline$Head.forEach(ReferencePipeline.java:658) ~[na:na]
	at org.junit.jupiter.engine.descriptor.ClassBasedTestDescriptor.invokeTestInstancePostProcessors(ClassBasedTestDescriptor.java:362) ~[junit-jupiter-engine-5.8.2.jar:5.8.2]
	at org.junit.jupiter.engine.descriptor.ClassBasedTestDescriptor.lambda$instantiateAndPostProcessTestInstance$6(ClassBasedTestDescriptor.java:283) ~[junit-jupiter-engine-5.8.2.jar:5.8.2]
	at org.junit.platform.engine.support.hierarchical.ThrowableCollector.execute(ThrowableCollector.java:73) ~[junit-platform-engine-1.8.2.jar:1.8.2]
	at org.junit.jupiter.engine.descriptor.ClassBasedTestDescriptor.instantiateAndPostProcessTestInstance(ClassBasedTestDescriptor.java:282) ~[junit-jupiter-engine-5.8.2.jar:5.8.2]
	at org.junit.jupiter.engine.descriptor.ClassBasedTestDescriptor.lambda$testInstancesProvider$4(ClassBasedTestDescriptor.java:272) ~[junit-jupiter-engine-5.8.2.jar:5.8.2]
	at java.base/java.util.Optional.orElseGet(Optional.java:369) ~[na:na]
	at org.junit.jupiter.engine.descriptor.ClassBasedTestDescriptor.lambda$testInstancesProvider$5(ClassBasedTestDescriptor.java:271) ~[junit-jupiter-engine-5.8.2.jar:5.8.2]
	at org.junit.jupiter.engine.execution.TestInstancesProvider.getTestInstances(TestInstancesProvider.java:31) ~[junit-jupiter-engine-5.8.2.jar:5.8.2]
	at org.junit.jupiter.engine.descriptor.TestMethodTestDescriptor.lambda$prepare$0(TestMethodTestDescriptor.java:102) ~[junit-jupiter-engine-5.8.2.jar:5.8.2]
	at org.junit.platform.engine.support.hierarchical.ThrowableCollector.execute(ThrowableCollector.java:73) ~[junit-platform-engine-1.8.2.jar:1.8.2]
	at org.junit.jupiter.engine.descriptor.TestMethodTestDescriptor.prepare(TestMethodTestDescriptor.java:101) ~[junit-jupiter-engine-5.8.2.jar:5.8.2]
	at org.junit.jupiter.engine.descriptor.TestMethodTestDescriptor.prepare(TestMethodTestDescriptor.java:66) ~[junit-jupiter-engine-5.8.2.jar:5.8.2]
	at org.junit.platform.engine.support.hierarchical.NodeTestTask.lambda$prepare$2(NodeTestTask.java:123) ~[junit-platform-engine-1.8.2.jar:1.8.2]
	at org.junit.platform.engine.support.hierarchical.ThrowableCollector.execute(ThrowableCollector.java:73) ~[junit-platform-engine-1.8.2.jar:1.8.2]
	at org.junit.platform.engine.support.hierarchical.NodeTestTask.prepare(NodeTestTask.java:123) ~[junit-platform-engine-1.8.2.jar:1.8.2]
	at org.junit.platform.engine.support.hierarchical.NodeTestTask.execute(NodeTestTask.java:90) ~[junit-platform-engine-1.8.2.jar:1.8.2]
	at java.base/java.util.ArrayList.forEach(ArrayList.java:1541) ~[na:na]
	at org.junit.platform.engine.support.hierarchical.SameThreadHierarchicalTestExecutorService.invokeAll(SameThreadHierarchicalTestExecutorService.java:41) ~[junit-platform-engine-1.8.2.jar:1.8.2]
	at org.junit.platform.engine.support.hierarchical.NodeTestTask.lambda$executeRecursively$6(NodeTestTask.java:155) ~[junit-platform-engine-1.8.2.jar:1.8.2]
	at org.junit.platform.engine.support.hierarchical.ThrowableCollector.execute(ThrowableCollector.java:73) ~[junit-platform-engine-1.8.2.jar:1.8.2]
	at org.junit.platform.engine.support.hierarchical.NodeTestTask.lambda$executeRecursively$8(NodeTestTask.java:141) ~[junit-platform-engine-1.8.2.jar:1.8.2]
	at org.junit.platform.engine.support.hierarchical.Node.around(Node.java:137) ~[junit-platform-engine-1.8.2.jar:1.8.2]
	at org.junit.platform.engine.support.hierarchical.NodeTestTask.lambda$executeRecursively$9(NodeTestTask.java:139) ~[junit-platform-engine-1.8.2.jar:1.8.2]
	at org.junit.platform.engine.support.hierarchical.ThrowableCollector.execute(ThrowableCollector.java:73) ~[junit-platform-engine-1.8.2.jar:1.8.2]
	at org.junit.platform.engine.support.hierarchical.NodeTestTask.executeRecursively(NodeTestTask.java:138) ~[junit-platform-engine-1.8.2.jar:1.8.2]
	at org.junit.platform.engine.support.hierarchical.NodeTestTask.execute(NodeTestTask.java:95) ~[junit-platform-engine-1.8.2.jar:1.8.2]
	at java.base/java.util.ArrayList.forEach(ArrayList.java:1541) ~[na:na]
	at org.junit.platform.engine.support.hierarchical.SameThreadHierarchicalTestExecutorService.invokeAll(SameThreadHierarchicalTestExecutorService.java:41) ~[junit-platform-engine-1.8.2.jar:1.8.2]
	at org.junit.platform.engine.support.hierarchical.NodeTestTask.lambda$executeRecursively$6(NodeTestTask.java:155) ~[junit-platform-engine-1.8.2.jar:1.8.2]
	at org.junit.platform.engine.support.hierarchical.ThrowableCollector.execute(ThrowableCollector.java:73) ~[junit-platform-engine-1.8.2.jar:1.8.2]
	at org.junit.platform.engine.support.hierarchical.NodeTestTask.lambda$executeRecursively$8(NodeTestTask.java:141) ~[junit-platform-engine-1.8.2.jar:1.8.2]
	at org.junit.platform.engine.support.hierarchical.Node.around(Node.java:137) ~[junit-platform-engine-1.8.2.jar:1.8.2]
	at org.junit.platform.engine.support.hierarchical.NodeTestTask.lambda$executeRecursively$9(NodeTestTask.java:139) ~[junit-platform-engine-1.8.2.jar:1.8.2]
	at org.junit.platform.engine.support.hierarchical.ThrowableCollector.execute(ThrowableCollector.java:73) ~[junit-platform-engine-1.8.2.jar:1.8.2]
	at org.junit.platform.engine.support.hierarchical.NodeTestTask.executeRecursively(NodeTestTask.java:138) ~[junit-platform-engine-1.8.2.jar:1.8.2]
	at org.junit.platform.engine.support.hierarchical.NodeTestTask.execute(NodeTestTask.java:95) ~[junit-platform-engine-1.8.2.jar:1.8.2]
	at org.junit.platform.engine.support.hierarchical.SameThreadHierarchicalTestExecutorService.submit(SameThreadHierarchicalTestExecutorService.java:35) ~[junit-platform-engine-1.8.2.jar:1.8.2]
	at org.junit.platform.engine.support.hierarchical.HierarchicalTestExecutor.execute(HierarchicalTestExecutor.java:57) ~[junit-platform-engine-1.8.2.jar:1.8.2]
	at org.junit.platform.engine.support.hierarchical.HierarchicalTestEngine.execute(HierarchicalTestEngine.java:54) ~[junit-platform-engine-1.8.2.jar:1.8.2]
	at org.junit.platform.launcher.core.DefaultLauncher.execute(DefaultLauncher.java:220) ~[junit-platform-launcher-1.3.1.jar:1.3.1]
	at org.junit.platform.launcher.core.DefaultLauncher.lambda$execute$6(DefaultLauncher.java:188) ~[junit-platform-launcher-1.3.1.jar:1.3.1]
	at org.junit.platform.launcher.core.DefaultLauncher.withInterceptedStreams(DefaultLauncher.java:202) ~[junit-platform-launcher-1.3.1.jar:1.3.1]
	at org.junit.platform.launcher.core.DefaultLauncher.execute(DefaultLauncher.java:181) ~[junit-platform-launcher-1.3.1.jar:1.3.1]
	at org.junit.platform.launcher.core.DefaultLauncher.execute(DefaultLauncher.java:128) ~[junit-platform-launcher-1.3.1.jar:1.3.1]
	at org.apache.maven.surefire.junitplatform.JUnitPlatformProvider.invokeAllTests(JUnitPlatformProvider.java:150) ~[surefire-junit-platform-2.22.2.jar:2.22.2]
	at org.apache.maven.surefire.junitplatform.JUnitPlatformProvider.invoke(JUnitPlatformProvider.java:124) ~[surefire-junit-platform-2.22.2.jar:2.22.2]
	at org.apache.maven.surefire.booter.ForkedBooter.invokeProviderInSameClassLoader(ForkedBooter.java:384) ~[surefire-booter-2.22.2.jar:2.22.2]
	at org.apache.maven.surefire.booter.ForkedBooter.runSuitesInProcess(ForkedBooter.java:345) ~[surefire-booter-2.22.2.jar:2.22.2]
	at org.apache.maven.surefire.booter.ForkedBooter.execute(ForkedBooter.java:126) ~[surefire-booter-2.22.2.jar:2.22.2]
	at org.apache.maven.surefire.booter.ForkedBooter.main(ForkedBooter.java:418) ~[surefire-booter-2.22.2.jar:2.22.2]
Caused by: org.springframework.beans.factory.BeanCreationException: Error creating bean with name 'dataSource' defined in class path resource [org/springframework/boot/autoconfigure/jdbc/DataSourceConfiguration$Hikari.class]: Bean instantiation via factory method failed; nested exception is org.springframework.beans.BeanInstantiationException: Failed to instantiate [com.zaxxer.hikari.HikariDataSource]: Factory method 'dataSource' threw exception; nested exception is org.springframework.boot.autoconfigure.jdbc.DataSourceProperties$DataSourceBeanCreationException: Failed to determine a suitable driver class
	at org.springframework.beans.factory.support.ConstructorResolver.instantiate(ConstructorResolver.java:658) ~[spring-beans-5.3.27.jar:5.3.27]
	at org.springframework.beans.factory.support.ConstructorResolver.instantiateUsingFactoryMethod(ConstructorResolver.java:638) ~[spring-beans-5.3.27.jar:5.3.27]
	at org.springframework.beans.factory.support.AbstractAutowireCapableBeanFactory.instantiateUsingFactoryMethod(AbstractAutowireCapableBeanFactory.java:1352) ~[spring-beans-5.3.27.jar:5.3.27]
	at org.springframework.beans.factory.support.AbstractAutowireCapableBeanFactory.createBeanInstance(AbstractAutowireCapableBeanFactory.java:1195) ~[spring-beans-5.3.27.jar:5.3.27]
	at org.springframework.beans.factory.support.AbstractAutowireCapableBeanFactory.doCreateBean(AbstractAutowireCapableBeanFactory.java:582) ~[spring-beans-5.3.27.jar:5.3.27]
	at org.springframework.beans.factory.support.AbstractAutowireCapableBeanFactory.createBean(AbstractAutowireCapableBeanFactory.java:542) ~[spring-beans-5.3.27.jar:5.3.27]
	at org.springframework.beans.factory.support.AbstractBeanFactory.lambda$doGetBean$0(AbstractBeanFactory.java:335) ~[spring-beans-5.3.27.jar:5.3.27]
	at org.springframework.beans.factory.support.DefaultSingletonBeanRegistry.getSingleton(DefaultSingletonBeanRegistry.java:234) ~[spring-beans-5.3.27.jar:5.3.27]
	at org.springframework.beans.factory.support.AbstractBeanFactory.doGetBean(AbstractBeanFactory.java:333) ~[spring-beans-5.3.27.jar:5.3.27]
	at org.springframework.beans.factory.support.AbstractBeanFactory.getBean(AbstractBeanFactory.java:208) ~[spring-beans-5.3.27.jar:5.3.27]
	at org.springframework.beans.factory.support.DefaultListableBeanFactory.preInstantiateSingletons(DefaultListableBeanFactory.java:955) ~[spring-beans-5.3.27.jar:5.3.27]
	at org.springframework.context.support.AbstractApplicationContext.finishBeanFactoryInitialization(AbstractApplicationContext.java:920) ~[spring-context-5.3.27.jar:5.3.27]
	at org.springframework.context.support.AbstractApplicationContext.refresh(AbstractApplicationContext.java:583) ~[spring-context-5.3.27.jar:5.3.27]
	at org.springframework.boot.SpringApplication.refresh(SpringApplication.java:731) ~[spring-boot-2.7.11.jar:2.7.11]
	at org.springframework.boot.SpringApplication.refreshContext(SpringApplication.java:408) ~[spring-boot-2.7.11.jar:2.7.11]
	at org.springframework.boot.SpringApplication.run(SpringApplication.java:307) ~[spring-boot-2.7.11.jar:2.7.11]
	at org.springframework.boot.test.context.SpringBootContextLoader.loadContext(SpringBootContextLoader.java:136) ~[spring-boot-test-2.7.11.jar:2.7.11]
	at org.springframework.test.context.cache.DefaultCacheAwareContextLoaderDelegate.loadContextInternal(DefaultCacheAwareContextLoaderDelegate.java:141) ~[spring-test-5.3.27.jar:5.3.27]
	at org.springframework.test.context.cache.DefaultCacheAwareContextLoaderDelegate.loadContext(DefaultCacheAwareContextLoaderDelegate.java:90) ~[spring-test-5.3.27.jar:5.3.27]
	... 67 common frames omitted
Caused by: org.springframework.beans.BeanInstantiationException: Failed to instantiate [com.zaxxer.hikari.HikariDataSource]: Factory method 'dataSource' threw exception; nested exception is org.springframework.boot.autoconfigure.jdbc.DataSourceProperties$DataSourceBeanCreationException: Failed to determine a suitable driver class
	at org.springframework.beans.factory.support.SimpleInstantiationStrategy.instantiate(SimpleInstantiationStrategy.java:185) ~[spring-beans-5.3.27.jar:5.3.27]
	at org.springframework.beans.factory.support.ConstructorResolver.instantiate(ConstructorResolver.java:653) ~[spring-beans-5.3.27.jar:5.3.27]
	... 85 common frames omitted
Caused by: org.springframework.boot.autoconfigure.jdbc.DataSourceProperties$DataSourceBeanCreationException: Failed to determine a suitable driver class
	at org.springframework.boot.autoconfigure.jdbc.DataSourceProperties.determineDriverClassName(DataSourceProperties.java:186) ~[spring-boot-autoconfigure-2.7.11.jar:2.7.11]
	at org.springframework.boot.autoconfigure.jdbc.DataSourceProperties.initializeDataSourceBuilder(DataSourceProperties.java:125) ~[spring-boot-autoconfigure-2.7.11.jar:2.7.11]
	at org.springframework.boot.autoconfigure.jdbc.DataSourceConfiguration.createDataSource(DataSourceConfiguration.java:48) ~[spring-boot-autoconfigure-2.7.11.jar:2.7.11]
	at org.springframework.boot.autoconfigure.jdbc.DataSourceConfiguration$Hikari.dataSource(DataSourceConfiguration.java:90) ~[spring-boot-autoconfigure-2.7.11.jar:2.7.11]
	at java.base/jdk.internal.reflect.NativeMethodAccessorImpl.invoke0(Native Method) ~[na:na]
	at java.base/jdk.internal.reflect.NativeMethodAccessorImpl.invoke(NativeMethodAccessorImpl.java:62) ~[na:na]
	at java.base/jdk.internal.reflect.DelegatingMethodAccessorImpl.invoke(DelegatingMethodAccessorImpl.java:43) ~[na:na]
	at java.base/java.lang.reflect.Method.invoke(Method.java:566) ~[na:na]
	at org.springframework.beans.factory.support.SimpleInstantiationStrategy.instantiate(SimpleInstantiationStrategy.java:154) ~[spring-beans-5.3.27.jar:5.3.27]
	... 86 common frames omitted

]]></system-out>
  </testcase>
</testsuite>